2025-07-30 20:12:35,296 - palindrome_generator - INFO - Generating palindrome from middle outwards
2025-07-30 20:12:35,297 - palindrome_generator - INFO - Starting with center: 'i'
2025-07-30 20:12:35,313 - palindrome_generator - INFO - Generated palindrome of length 108 in 8 iterations
2025-07-30 20:12:35,313 - palindrome_generator - WARNING - First half identical to reversed second half
2025-07-30 20:13:48,042 - palindrome_generator - WARNING - First half identical to reversed second half
2025-07-30 20:13:48,042 - palindrome_generator - INFO - Character similarity: 0.83, Word similarity: 0.43
2025-07-30 20:13:49,157 - palindrome_generator - INFO - Generating palindrome from middle outwards
2025-07-30 20:13:49,176 - palindrome_generator - INFO - Generated palindrome of length 60 in 5 iterations
2025-07-30 20:13:50,411 - palindrome_generator - INFO - Generating palindrome from middle outwards
2025-07-30 20:13:50,412 - palindrome_generator - INFO - Starting with center: 'i'
2025-07-30 20:13:50,418 - palindrome_generator - INFO - Generated palindrome of length 54 in 5 iterations
2025-07-30 20:13:50,418 - palindrome_generator - WARNING - First half identical to reversed second half
2025-07-30 20:13:50,422 - palindrome_generator - INFO - Palindrome scored 167.9 points
2025-07-30 20:13:50,993 - palindrome_generator - INFO - Generating palindrome from middle outwards
2025-07-30 20:13:50,993 - palindrome_generator - INFO - Starting with center: 'w'
2025-07-30 20:13:50,998 - palindrome_generator - INFO - Generated palindrome of length 62 in 6 iterations
2025-07-30 20:14:29,513 - palindrome_generator - WARNING - First half identical to reversed second half
2025-07-30 20:14:29,514 - palindrome_generator - INFO - Character similarity: 0.83, Word similarity: 0.43
2025-07-30 20:14:30,638 - palindrome_generator - INFO - Generating palindrome from middle outwards
2025-07-30 20:14:30,659 - palindrome_generator - INFO - Generated palindrome of length 60 in 7 iterations
2025-07-30 20:14:31,827 - palindrome_generator - INFO - Generating palindrome from middle outwards
2025-07-30 20:14:31,827 - palindrome_generator - INFO - Starting with center: 'u'
2025-07-30 20:14:31,832 - palindrome_generator - INFO - Generated palindrome of length 52 in 5 iterations
2025-07-30 20:14:31,832 - palindrome_generator - WARNING - First half identical to reversed second half
2025-07-30 20:14:31,836 - palindrome_generator - INFO - Palindrome scored 176.0 points
2025-07-30 20:14:32,401 - palindrome_generator - INFO - Generating palindrome from middle outwards
2025-07-30 20:14:32,401 - palindrome_generator - INFO - Starting with center: 't'
2025-07-30 20:14:32,406 - palindrome_generator - INFO - Generated palindrome of length 58 in 7 iterations
2025-07-30 20:15:34,852 - palindrome_generator - INFO - Generating palindrome from middle outwards
2025-07-30 20:15:34,852 - palindrome_generator - INFO - Starting with center: 'x'
2025-07-30 20:15:34,885 - palindrome_generator - INFO - Generated palindrome of length 162 in 19 iterations
2025-07-30 20:15:34,885 - palindrome_generator - WARNING - First half identical to reversed second half
